d:\master\golden axe tribute\vs\golden axe\golden axe\debug\vc120.pdb
d:\master\golden axe tribute\vs\golden axe\golden axe\debug\vc120.idb
d:\master\golden axe tribute\vs\golden axe\golden axe\debug\application.obj
d:\master\golden axe tribute\vs\golden axe\golden axe\debug\enemy.obj
d:\master\golden axe tribute\vs\golden axe\golden axe\debug\log.obj
d:\master\golden axe tribute\vs\golden axe\golden axe\debug\main.obj
d:\master\golden axe tribute\vs\golden axe\golden axe\debug\moduleaudio.obj
d:\master\golden axe tribute\vs\golden axe\golden axe\debug\modulecameracontroller.obj
d:\master\golden axe tribute\vs\golden axe\golden axe\debug\modulecollisions.obj
d:\master\golden axe tribute\vs\golden axe\golden axe\debug\moduleenemies.obj
d:\master\golden axe tribute\vs\golden axe\golden axe\debug\modulefadetoblack.obj
d:\master\golden axe tribute\vs\golden axe\golden axe\debug\moduleinput.obj
d:\master\golden axe tribute\vs\golden axe\golden axe\debug\moduleplayer.obj
d:\master\golden axe tribute\vs\golden axe\golden axe\debug\modulerender.obj
d:\master\golden axe tribute\vs\golden axe\golden axe\debug\modulesceneintro.obj
d:\master\golden axe tribute\vs\golden axe\golden axe\debug\modulescenelevel1.obj
d:\master\golden axe tribute\vs\golden axe\golden axe\debug\moduletextures.obj
d:\master\golden axe tribute\vs\golden axe\golden axe\debug\modulewindow.obj
d:\master\golden axe tribute\vs\golden axe\golden axe\debug\quicksort.obj
d:\master\golden axe tribute\vs\golden axe\debug\golden axe.ilk
d:\master\golden axe tribute\vs\golden axe\debug\golden axe.exe
d:\master\golden axe tribute\vs\golden axe\debug\golden axe.pdb
c:\users\davidrv4\desktop\repo\golden-axe-tribute\golden axe\golden axe\debug\vc120.idb
c:\users\davidrv4\desktop\repo\golden-axe-tribute\golden axe\golden axe\debug\golden axe.tlog\cl.command.1.tlog
c:\users\davidrv4\desktop\repo\golden-axe-tribute\golden axe\golden axe\debug\golden axe.tlog\cl.read.1.tlog
c:\users\davidrv4\desktop\repo\golden-axe-tribute\golden axe\golden axe\debug\golden axe.tlog\cl.write.1.tlog
c:\users\davidrv4\desktop\repo\golden-axe-tribute\golden axe\golden axe\debug\golden axe.tlog\link.command.1.tlog
c:\users\davidrv4\desktop\repo\golden-axe-tribute\golden axe\golden axe\debug\golden axe.tlog\link.read.1.tlog
c:\users\davidrv4\desktop\repo\golden-axe-tribute\golden axe\golden axe\debug\golden axe.tlog\link.write.1.tlog
